<?xml version="1.0" encoding="UTF-8"?>
<!-- Generated by org.testng.reporters.JUnitXMLReporter -->
<testsuite hostname="P5946" ignored="0" name="Command line test" tests="8" failures="1" timestamp="2019-02-20T10:29:16 EET" time="24.303" errors="0">
  <testcase name="createValidAccount" time="0.227" classname="logintest.CreateAccountTest"/>
  <testcase name="loginInvalidUser" time="1.469" classname="logintest.LoginTest"/>
  <testcase name="loginValidUser" time="1.806" classname="logintest.LoginTest"/>
  <testcase name="insertLessThanFiveCharactersForPassword" time="0.0" classname="logintest.RegisterTest"/>
  <testcase name="leaveAMandatoryFieldEmpty" time="0.0" classname="logintest.RegisterTest"/>
  <testcase name="registerInvalidUser" time="0.0" classname="logintest.RegisterTest"/>
  <testcase name="registerValidUser" time="1.279" classname="logintest.RegisterTest">
    <failure type="org.openqa.selenium.NoSuchElementException" message="Cannot locate element with text: Romania
For documentation on this error, please visit: https://www.seleniumhq.org/exceptions/no_such_element.html
Build info: version: &amp;apos;3.141.59&amp;apos;, revision: &amp;apos;e82be7d358&amp;apos;, time: &amp;apos;2018-11-14T08:17:03&amp;apos;
System info: host: &amp;apos;P5946&amp;apos;, ip: &amp;apos;172.16.233.250&amp;apos;, os.name: &amp;apos;Windows 10&amp;apos;, os.arch: &amp;apos;amd64&amp;apos;, os.version: &amp;apos;10.0&amp;apos;, java.version: &amp;apos;1.8.0_201&amp;apos;
Driver info: driver.version: unknown">
      <![CDATA[org.openqa.selenium.NoSuchElementException: Cannot locate element with text: Romania
For documentation on this error, please visit: https://www.seleniumhq.org/exceptions/no_such_element.html
Build info: version: '3.141.59', revision: 'e82be7d358', time: '2018-11-14T08:17:03'
System info: host: 'P5946', ip: '172.16.233.250', os.name: 'Windows 10', os.arch: 'amd64', os.version: '10.0', java.version: '1.8.0_201'
Driver info: driver.version: unknown
at org.openqa.selenium.support.ui.Select.selectByVisibleText(Select.java:147)
at pageobjects.Register.fillCountry(Register.java:74)
at pageobjects.Register.registerUser(Register.java:100)
at logintest.RegisterTest.registerValidUser(RegisterTest.java:47)
... Removed 37 stack frames]]>
    </failure>
  </testcase> <!-- registerValidUser -->
  <testcase name="typeOnlyNumbersOnFirstNameFields" time="0.001" classname="logintest.RegisterTest"/>
</testsuite> <!-- Command line test -->
