<?xml version="1.0" encoding="UTF-8"?>
<!-- Generated by org.testng.reporters.JUnitXMLReporter -->
<testsuite hostname="P5810" ignored="0" name="Test" tests="17" failures="1" timestamp="2019-02-20T13:43:16 EET" time="21.274" errors="0">
  <testcase name="checkCreateAccountButtonCanBeClicked" time="0.0" classname="createaccounttest.RegisterTest"/>
  <testcase name="checkIfRegisterButtonIsVisible" time="0.0" classname="createaccounttest.RegisterTest"/>
  <testcase name="checkIfYouCanPressRegisterButton" time="0.0" classname="createaccounttest.RegisterTest"/>
  <testcase name="createAccountFillingOnlyTheNotMandatoryFields" time="0.0" classname="createaccounttest.RegisterTest"/>
  <testcase name="createAccountWithALargeNumberOfCharacters" time="0.0" classname="createaccounttest.RegisterTest"/>
  <testcase name="createAccountWithAllFieldsBlank" time="0.0" classname="createaccounttest.RegisterTest"/>
  <testcase name="createAccountWithAllFieldsCompleted" time="0.0" classname="createaccounttest.RegisterTest"/>
  <testcase name="createAccountWithInvalidEmailFormat" time="0.0" classname="createaccounttest.RegisterTest"/>
  <testcase name="createAccountWithNumeralsInAllFields" time="0.0" classname="createaccounttest.RegisterTest"/>
  <testcase name="createAccountWithPasswordLessThanFiveCharacters" time="0.0" classname="createaccounttest.RegisterTest"/>
  <testcase name="createAccountWithSpecialCharactersInAllFields" time="0.0" classname="createaccounttest.RegisterTest"/>
  <testcase name="createAccountWithoutSelectingFromCountryDropdown" time="0.0" classname="createaccounttest.RegisterTest"/>
  <testcase name="createAccountWithoutSelectingFromStateDropdown" time="0.0" classname="createaccounttest.RegisterTest"/>
  <testcase name="invalidCheckBothTitleRadioButtons" time="0.0" classname="createaccounttest.RegisterTest"/>
  <testcase name="invalidCreateAccountWithAlreadyUsedEmailAddress" time="0.0" classname="createaccounttest.RegisterTest"/>
  <testcase name="validCheckOneTitleRadioButton" time="0.0" classname="createaccounttest.RegisterTest"/>
  <testcase name="validCreateAccount" time="10.483" classname="createaccounttest.RegisterTest">
    <failure type="org.openqa.selenium.TimeoutException" message="Expected condition failed: waiting for visibility of element located by By.id: customer_firstname (tried for 10 second(s) with 500 milliseconds interval)">
      <![CDATA[org.openqa.selenium.TimeoutException: Expected condition failed: waiting for visibility of element located by By.id: customer_firstname (tried for 10 second(s) with 500 milliseconds interval)
at org.openqa.selenium.support.ui.WebDriverWait.timeoutException(WebDriverWait.java:95)
at org.openqa.selenium.support.ui.FluentWait.until(FluentWait.java:272)
at pageobjects.Register.firstNamePopulate(Register.java:33)
at createaccounttest.RegisterTest.validCreateAccount(RegisterTest.java:45)
Caused by: org.openqa.selenium.NoSuchElementException: no such element: Unable to locate element: {"method":"id","selector":"customer_firstname"}
  (Session info: chrome=72.0.3626.109)
  (Driver info: chromedriver=2.35.528161 (5b82f2d2aae0ca24b877009200ced9065a772e73),platform=Windows NT 10.0.17134 x86_64) (WARNING: The server did not provide any stacktrace information)
Command duration or timeout: 0 milliseconds
For documentation on this error, please visit: https://www.seleniumhq.org/exceptions/no_such_element.html
Build info: version: '3.141.59', revision: 'e82be7d358', time: '2018-11-14T08:17:03'
System info: host: 'P5810', ip: '172.16.233.167', os.name: 'Windows 10', os.arch: 'amd64', os.version: '10.0', java.version: '1.8.0_201'
Driver info: org.openqa.selenium.chrome.ChromeDriver
Capabilities {acceptInsecureCerts: false, acceptSslCerts: false, applicationCacheEnabled: false, browserConnectionEnabled: false, browserName: chrome, chrome: {chromedriverVersion: 2.35.528161 (5b82f2d2aae0ca..., userDataDir: C:\Users\ROXANA~1.AMB\AppDa...}, cssSelectorsEnabled: true, databaseEnabled: false, handlesAlerts: true, hasTouchScreen: false, javascriptEnabled: true, locationContextEnabled: true, mobileEmulationEnabled: false, nativeEvents: true, networkConnectionEnabled: false, pageLoadStrategy: normal, platform: XP, platformName: XP, rotatable: false, setWindowRect: true, takesHeapSnapshot: true, takesScreenshot: true, unexpectedAlertBehaviour: , unhandledPromptBehavior: , version: 72.0.3626.109, webStorageEnabled: true}
Session ID: 9feb5a3a8ca2580215354c56e8e88b62
*** Element info: {Using=id, value=customer_firstname}
at org.openqa.selenium.remote.ErrorHandler.createThrowable(ErrorHandler.java:214)
at org.openqa.selenium.remote.ErrorHandler.throwIfResponseFailed(ErrorHandler.java:166)
at org.openqa.selenium.remote.http.JsonHttpResponseCodec.reconstructValue(JsonHttpResponseCodec.java:40)
at org.openqa.selenium.remote.http.AbstractHttpResponseCodec.decode(AbstractHttpResponseCodec.java:80)
at org.openqa.selenium.remote.http.AbstractHttpResponseCodec.decode(AbstractHttpResponseCodec.java:44)
at org.openqa.selenium.remote.HttpCommandExecutor.execute(HttpCommandExecutor.java:158)
at org.openqa.selenium.remote.service.DriverCommandExecutor.execute(DriverCommandExecutor.java:83)
at org.openqa.selenium.remote.RemoteWebDriver.execute(RemoteWebDriver.java:552)
at org.openqa.selenium.remote.RemoteWebDriver.findElement(RemoteWebDriver.java:323)
at org.openqa.selenium.remote.RemoteWebDriver.findElementById(RemoteWebDriver.java:372)
at org.openqa.selenium.By$ById.findElement(By.java:188)
at org.openqa.selenium.remote.RemoteWebDriver.findElement(RemoteWebDriver.java:315)
at org.openqa.selenium.support.ui.ExpectedConditions$7.apply(ExpectedConditions.java:205)
at org.openqa.selenium.support.ui.ExpectedConditions$7.apply(ExpectedConditions.java:201)
at org.openqa.selenium.support.ui.FluentWait.until(FluentWait.java:249)
... 33 more
... Removed 34 stack frames]]>
    </failure>
  </testcase> <!-- validCreateAccount -->
</testsuite> <!-- Test -->
