<?xml version="1.0" encoding="UTF-8"?>
<!-- Generated by org.testng.reporters.JUnitXMLReporter -->
<testsuite hostname="P5495" ignored="0" name="Command line test" tests="33" failures="1" timestamp="2019-02-20T11:29:12 EET" time="15.581" errors="0">
  <testcase name="checkInvalidUserLogIn" time="0.001" classname="logintest.LoginTest"/>
  <testcase name="invalid" time="1.58" classname="logintest.LoginTest"/>
  <testcase name="tryToLoginWithNoEmailAdress" time="0.0" classname="logintest.LoginTest"/>
  <testcase name="tryToLoginWithNoPassword" time="0.001" classname="logintest.LoginTest"/>
  <testcase name="tryToLoginWithOnlyEmail" time="0.0" classname="logintest.LoginTest"/>
  <testcase name="tryToLoginWithWrongEmailAndPassword" time="0.0" classname="logintest.LoginTest"/>
  <testcase name="validUser" time="1.633" classname="logintest.LoginTest">
    <failure type="org.openqa.selenium.NoSuchElementException" message="no such element: Unable to locate element: {&amp;quot;method&amp;quot;:&amp;quot;xpath&amp;quot;,&amp;quot;selector&amp;quot;:&amp;quot;//*[@id=&amp;quot;header&amp;quot;]/div[2]/div/div/nav/div[1]/a/span&amp;quot;}
  (Session info: chrome=72.0.3626.109)
  (Driver info: chromedriver=2.35.528161 (5b82f2d2aae0ca24b877009200ced9065a772e73),platform=Windows NT 10.0.17763 x86_64) (WARNING: The server did not provide any stacktrace information)
Command duration or timeout: 0 milliseconds
For documentation on this error, please visit: https://www.seleniumhq.org/exceptions/no_such_element.html
Build info: version: &amp;apos;3.141.59&amp;apos;, revision: &amp;apos;e82be7d358&amp;apos;, time: &amp;apos;2018-11-14T08:17:03&amp;apos;
System info: host: &amp;apos;DESKTOP-VIM7FVO&amp;apos;, ip: &amp;apos;172.16.233.18&amp;apos;, os.name: &amp;apos;Windows 10&amp;apos;, os.arch: &amp;apos;amd64&amp;apos;, os.version: &amp;apos;10.0&amp;apos;, java.version: &amp;apos;1.8.0_201&amp;apos;
Driver info: org.openqa.selenium.chrome.ChromeDriver
Capabilities {acceptInsecureCerts: false, acceptSslCerts: false, applicationCacheEnabled: false, browserConnectionEnabled: false, browserName: chrome, chrome: {chromedriverVersion: 2.35.528161 (5b82f2d2aae0ca..., userDataDir: C:\Users\CLAUDI~1.IAC\AppDa...}, cssSelectorsEnabled: true, databaseEnabled: false, handlesAlerts: true, hasTouchScreen: false, javascriptEnabled: true, locationContextEnabled: true, mobileEmulationEnabled: false, nativeEvents: true, networkConnectionEnabled: false, pageLoadStrategy: normal, platform: XP, platformName: XP, rotatable: false, setWindowRect: true, takesHeapSnapshot: true, takesScreenshot: true, unexpectedAlertBehaviour: , unhandledPromptBehavior: , version: 72.0.3626.109, webStorageEnabled: true}
Session ID: 370bc48f889ba5ad0af6fb9de2510c90
*** Element info: {Using=xpath, value=//*[@id=&amp;quot;header&amp;quot;]/div[2]/div/div/nav/div[1]/a/span}">
      <![CDATA[org.openqa.selenium.NoSuchElementException: no such element: Unable to locate element: {"method":"xpath","selector":"//*[@id="header"]/div[2]/div/div/nav/div[1]/a/span"}
  (Session info: chrome=72.0.3626.109)
  (Driver info: chromedriver=2.35.528161 (5b82f2d2aae0ca24b877009200ced9065a772e73),platform=Windows NT 10.0.17763 x86_64) (WARNING: The server did not provide any stacktrace information)
Command duration or timeout: 0 milliseconds
For documentation on this error, please visit: https://www.seleniumhq.org/exceptions/no_such_element.html
Build info: version: '3.141.59', revision: 'e82be7d358', time: '2018-11-14T08:17:03'
System info: host: 'DESKTOP-VIM7FVO', ip: '172.16.233.18', os.name: 'Windows 10', os.arch: 'amd64', os.version: '10.0', java.version: '1.8.0_201'
Driver info: org.openqa.selenium.chrome.ChromeDriver
Capabilities {acceptInsecureCerts: false, acceptSslCerts: false, applicationCacheEnabled: false, browserConnectionEnabled: false, browserName: chrome, chrome: {chromedriverVersion: 2.35.528161 (5b82f2d2aae0ca..., userDataDir: C:\Users\CLAUDI~1.IAC\AppDa...}, cssSelectorsEnabled: true, databaseEnabled: false, handlesAlerts: true, hasTouchScreen: false, javascriptEnabled: true, locationContextEnabled: true, mobileEmulationEnabled: false, nativeEvents: true, networkConnectionEnabled: false, pageLoadStrategy: normal, platform: XP, platformName: XP, rotatable: false, setWindowRect: true, takesHeapSnapshot: true, takesScreenshot: true, unexpectedAlertBehaviour: , unhandledPromptBehavior: , version: 72.0.3626.109, webStorageEnabled: true}
Session ID: 370bc48f889ba5ad0af6fb9de2510c90
*** Element info: {Using=xpath, value=//*[@id="header"]/div[2]/div/div/nav/div[1]/a/span}
at org.openqa.selenium.remote.ErrorHandler.createThrowable(ErrorHandler.java:214)
at org.openqa.selenium.remote.ErrorHandler.throwIfResponseFailed(ErrorHandler.java:166)
at org.openqa.selenium.remote.http.JsonHttpResponseCodec.reconstructValue(JsonHttpResponseCodec.java:40)
at org.openqa.selenium.remote.http.AbstractHttpResponseCodec.decode(AbstractHttpResponseCodec.java:80)
at org.openqa.selenium.remote.http.AbstractHttpResponseCodec.decode(AbstractHttpResponseCodec.java:44)
at org.openqa.selenium.remote.HttpCommandExecutor.execute(HttpCommandExecutor.java:158)
at org.openqa.selenium.remote.service.DriverCommandExecutor.execute(DriverCommandExecutor.java:83)
at org.openqa.selenium.remote.RemoteWebDriver.execute(RemoteWebDriver.java:552)
at org.openqa.selenium.remote.RemoteWebDriver.findElement(RemoteWebDriver.java:323)
at org.openqa.selenium.remote.RemoteWebDriver.findElementByXPath(RemoteWebDriver.java:428)
at org.openqa.selenium.By$ByXPath.findElement(By.java:353)
at org.openqa.selenium.remote.RemoteWebDriver.findElement(RemoteWebDriver.java:315)
at pageobjects.Header.checkUsername(Header.java:37)
at logintest.LoginTest.validUser(LoginTest.java:41)
... Removed 41 stack frames]]>
    </failure>
  </testcase> <!-- validUser -->
  <testcase name="verifyLogInWithSucces" time="0.0" classname="logintest.LoginTest"/>
  <testcase name="verifyLogOutWithSucces" time="0.0" classname="logintest.LoginTest"/>
  <testcase name="checkInvalidZipCode" time="0.0" classname="logintest.RegisterTest"/>
  <testcase name="checkMandatoryFieldsNotCompletedAll" time="0.001" classname="logintest.RegisterTest"/>
  <testcase name="checkPasswordinvalidPolicy" time="0.0" classname="logintest.RegisterTest"/>
  <testcase name="checkRegisterwithSucces" time="0.0" classname="logintest.RegisterTest"/>
  <testcase name="empthyadress" time="0.001" classname="logintest.RegisterTest"/>
  <testcase name="empthycity" time="0.0" classname="logintest.RegisterTest"/>
  <testcase name="empthyphone" time="0.0" classname="logintest.RegisterTest"/>
  <testcase name="checkEmailFormat" time="0.0" classname="logintest.TestCases"/>
  <testcase name="checkInvalidUserLogIn" time="0.0" classname="logintest.TestCases"/>
  <testcase name="checkPasswordLabelLocator" time="0.0" classname="logintest.TestCases"/>
  <testcase name="checkPasswordPolicy" time="0.0" classname="logintest.TestCases"/>
  <testcase name="checkSignLocator" time="0.0" classname="logintest.TestCases"/>
  <testcase name="checkSignOutLocator" time="0.0" classname="logintest.TestCases"/>
  <testcase name="checkUserName" time="0.0" classname="logintest.TestCases"/>
  <testcase name="tryToLoginWithNoEmailAdress" time="0.0" classname="logintest.TestCases"/>
  <testcase name="tryToLoginWithNoPassword" time="0.0" classname="logintest.TestCases"/>
  <testcase name="tryToLoginWithOnlyEmail" time="0.0" classname="logintest.TestCases"/>
  <testcase name="tryToLoginWithWrongEmailAndPassword" time="0.0" classname="logintest.TestCases"/>
  <testcase name="verifyCreateAccountLocator" time="0.0" classname="logintest.TestCases"/>
  <testcase name="verifyLogInWithSucces" time="0.0" classname="logintest.TestCases"/>
  <testcase name="verifyLogOutWithSucces" time="0.0" classname="logintest.TestCases"/>
  <testcase name="verifyRegisterPageFirstName" time="0.0" classname="logintest.TestCases"/>
  <testcase name="verifyRegisterPageLastName" time="0.0" classname="logintest.TestCases"/>
  <testcase name="testFirstRegisterPage" time="0.335" classname="TestCreateAccount"/>
</testsuite> <!-- Command line test -->
