<html>
<head>
<title>TestNG:  Command line test</title>
<link href="../testng.css" rel="stylesheet" type="text/css" />
<link href="../my-testng.css" rel="stylesheet" type="text/css" />

<style type="text/css">
.log { display: none;} 
.stack-trace { display: none;} 
</style>
<script type="text/javascript">
<!--
function flip(e) {
  current = e.style.display;
  if (current == 'block') {
    e.style.display = 'none';
    return 0;
  }
  else {
    e.style.display = 'block';
    return 1;
  }
}

function toggleBox(szDivId, elem, msg1, msg2)
{
  var res = -1;  if (document.getElementById) {
    res = flip(document.getElementById(szDivId));
  }
  else if (document.all) {
    // this is the way old msie versions work
    res = flip(document.all[szDivId]);
  }
  if(elem) {
    if(res == 0) elem.innerHTML = msg1; else elem.innerHTML = msg2;
  }

}

function toggleAllBoxes() {
  if (document.getElementsByTagName) {
    d = document.getElementsByTagName('div');
    for (i = 0; i < d.length; i++) {
      if (d[i].className == 'log') {
        flip(d[i]);
      }
    }
  }
}

// -->
</script>

</head>
<body>
<h2 align='center'>Command line test</h2><table border='1' align="center">
<tr>
<td>Tests passed/Failed/Skipped:</td><td>32/1/0</td>
</tr><tr>
<td>Started on:</td><td>Wed Feb 20 11:28:57 EET 2019</td>
</tr>
<tr><td>Total time:</td><td>15 seconds (15581 ms)</td>
</tr><tr>
<td>Included groups:</td><td></td>
</tr><tr>
<td>Excluded groups:</td><td></td>
</tr>
</table><p/>
<small><i>(Hover the method name to see the test class name)</i></small><p/>
<table width='100%' border='1' class='invocation-failed'>
<tr><td colspan='4' align='center'><b>FAILED TESTS</b></td></tr>
<tr><td><b>Test method</b></td>
<td width="30%"><b>Exception</b></td>
<td width="10%"><b>Time (seconds)</b></td>
<td><b>Instance</b></td>
</tr>
<tr>
<td title='logintest.LoginTest.validUser()'><b>validUser</b><br>Test class: logintest.LoginTest</td>
<td><div><pre>org.openqa.selenium.NoSuchElementException: no such element: Unable to locate element: {&quot;method&quot;:&quot;xpath&quot;,&quot;selector&quot;:&quot;//*[@id=&quot;header&quot;]/div[2]/div/div/nav/div[1]/a/span&quot;}
  (Session info: chrome=72.0.3626.109)
  (Driver info: chromedriver=2.35.528161 (5b82f2d2aae0ca24b877009200ced9065a772e73),platform=Windows NT 10.0.17763 x86_64) (WARNING: The server did not provide any stacktrace information)
Command duration or timeout: 0 milliseconds
For documentation on this error, please visit: https://www.seleniumhq.org/exceptions/no_such_element.html
Build info: version: &apos;3.141.59&apos;, revision: &apos;e82be7d358&apos;, time: &apos;2018-11-14T08:17:03&apos;
System info: host: &apos;DESKTOP-VIM7FVO&apos;, ip: &apos;172.16.233.18&apos;, os.name: &apos;Windows 10&apos;, os.arch: &apos;amd64&apos;, os.version: &apos;10.0&apos;, java.version: &apos;1.8.0_201&apos;
Driver info: org.openqa.selenium.chrome.ChromeDriver
Capabilities {acceptInsecureCerts: false, acceptSslCerts: false, applicationCacheEnabled: false, browserConnectionEnabled: false, browserName: chrome, chrome: {chromedriverVersion: 2.35.528161 (5b82f2d2aae0ca..., userDataDir: C:\Users\CLAUDI~1.IAC\AppDa...}, cssSelectorsEnabled: true, databaseEnabled: false, handlesAlerts: true, hasTouchScreen: false, javascriptEnabled: true, locationContextEnabled: true, mobileEmulationEnabled: false, nativeEvents: true, networkConnectionEnabled: false, pageLoadStrategy: normal, platform: XP, platformName: XP, rotatable: false, setWindowRect: true, takesHeapSnapshot: true, takesScreenshot: true, unexpectedAlertBehaviour: , unhandledPromptBehavior: , version: 72.0.3626.109, webStorageEnabled: true}
Session ID: 370bc48f889ba5ad0af6fb9de2510c90
*** Element info: {Using=xpath, value=//*[@id=&quot;header&quot;]/div[2]/div/div/nav/div[1]/a/span}
	at org.openqa.selenium.remote.ErrorHandler.createThrowable(ErrorHandler.java:214)
	at org.openqa.selenium.remote.ErrorHandler.throwIfResponseFailed(ErrorHandler.java:166)
	at org.openqa.selenium.remote.http.JsonHttpResponseCodec.reconstructValue(JsonHttpResponseCodec.java:40)
	at org.openqa.selenium.remote.http.AbstractHttpResponseCodec.decode(AbstractHttpResponseCodec.java:80)
	at org.openqa.selenium.remote.http.AbstractHttpResponseCodec.decode(AbstractHttpResponseCodec.java:44)
	at org.openqa.selenium.remote.HttpCommandExecutor.execute(HttpCommandExecutor.java:158)
	at org.openqa.selenium.remote.service.DriverCommandExecutor.execute(DriverCommandExecutor.java:83)
	at org.openqa.selenium.remote.RemoteWebDriver.execute(RemoteWebDriver.java:552)
	at org.openqa.selenium.remote.RemoteWebDriver.findElement(RemoteWebDriver.java:323)
	at org.openqa.selenium.remote.RemoteWebDriver.findElementByXPath(RemoteWebDriver.java:428)
	at org.openqa.selenium.By$ByXPath.findElement(By.java:353)
	at org.openqa.selenium.remote.RemoteWebDriver.findElement(RemoteWebDriver.java:315)
	at pageobjects.Header.checkUsername(Header.java:37)
	at logintest.LoginTest.validUser(LoginTest.java:41)
... Removed 41 stack frames</pre></div><a href='#' onClick='toggleBox("stack-trace1513608173", this, "Click to show all stack frames", "Click to hide stack frames")'>Click to show all stack frames</a>
<div class='stack-trace' id='stack-trace1513608173'><pre>org.openqa.selenium.NoSuchElementException: no such element: Unable to locate element: {&quot;method&quot;:&quot;xpath&quot;,&quot;selector&quot;:&quot;//*[@id=&quot;header&quot;]/div[2]/div/div/nav/div[1]/a/span&quot;}
  (Session info: chrome=72.0.3626.109)
  (Driver info: chromedriver=2.35.528161 (5b82f2d2aae0ca24b877009200ced9065a772e73),platform=Windows NT 10.0.17763 x86_64) (WARNING: The server did not provide any stacktrace information)
Command duration or timeout: 0 milliseconds
For documentation on this error, please visit: https://www.seleniumhq.org/exceptions/no_such_element.html
Build info: version: &apos;3.141.59&apos;, revision: &apos;e82be7d358&apos;, time: &apos;2018-11-14T08:17:03&apos;
System info: host: &apos;DESKTOP-VIM7FVO&apos;, ip: &apos;172.16.233.18&apos;, os.name: &apos;Windows 10&apos;, os.arch: &apos;amd64&apos;, os.version: &apos;10.0&apos;, java.version: &apos;1.8.0_201&apos;
Driver info: org.openqa.selenium.chrome.ChromeDriver
Capabilities {acceptInsecureCerts: false, acceptSslCerts: false, applicationCacheEnabled: false, browserConnectionEnabled: false, browserName: chrome, chrome: {chromedriverVersion: 2.35.528161 (5b82f2d2aae0ca..., userDataDir: C:\Users\CLAUDI~1.IAC\AppDa...}, cssSelectorsEnabled: true, databaseEnabled: false, handlesAlerts: true, hasTouchScreen: false, javascriptEnabled: true, locationContextEnabled: true, mobileEmulationEnabled: false, nativeEvents: true, networkConnectionEnabled: false, pageLoadStrategy: normal, platform: XP, platformName: XP, rotatable: false, setWindowRect: true, takesHeapSnapshot: true, takesScreenshot: true, unexpectedAlertBehaviour: , unhandledPromptBehavior: , version: 72.0.3626.109, webStorageEnabled: true}
Session ID: 370bc48f889ba5ad0af6fb9de2510c90
*** Element info: {Using=xpath, value=//*[@id=&quot;header&quot;]/div[2]/div/div/nav/div[1]/a/span}
	at sun.reflect.NativeConstructorAccessorImpl.newInstance0(Native Method)
	at sun.reflect.NativeConstructorAccessorImpl.newInstance(NativeConstructorAccessorImpl.java:62)
	at sun.reflect.DelegatingConstructorAccessorImpl.newInstance(DelegatingConstructorAccessorImpl.java:45)
	at java.lang.reflect.Constructor.newInstance(Constructor.java:423)
	at org.openqa.selenium.remote.ErrorHandler.createThrowable(ErrorHandler.java:214)
	at org.openqa.selenium.remote.ErrorHandler.throwIfResponseFailed(ErrorHandler.java:166)
	at org.openqa.selenium.remote.http.JsonHttpResponseCodec.reconstructValue(JsonHttpResponseCodec.java:40)
	at org.openqa.selenium.remote.http.AbstractHttpResponseCodec.decode(AbstractHttpResponseCodec.java:80)
	at org.openqa.selenium.remote.http.AbstractHttpResponseCodec.decode(AbstractHttpResponseCodec.java:44)
	at org.openqa.selenium.remote.HttpCommandExecutor.execute(HttpCommandExecutor.java:158)
	at org.openqa.selenium.remote.service.DriverCommandExecutor.execute(DriverCommandExecutor.java:83)
	at org.openqa.selenium.remote.RemoteWebDriver.execute(RemoteWebDriver.java:552)
	at org.openqa.selenium.remote.RemoteWebDriver.findElement(RemoteWebDriver.java:323)
	at org.openqa.selenium.remote.RemoteWebDriver.findElementByXPath(RemoteWebDriver.java:428)
	at org.openqa.selenium.By$ByXPath.findElement(By.java:353)
	at org.openqa.selenium.remote.RemoteWebDriver.findElement(RemoteWebDriver.java:315)
	at pageobjects.Header.checkUsername(Header.java:37)
	at logintest.LoginTest.validUser(LoginTest.java:41)
	at sun.reflect.NativeMethodAccessorImpl.invoke0(Native Method)
	at sun.reflect.NativeMethodAccessorImpl.invoke(NativeMethodAccessorImpl.java:62)
	at sun.reflect.DelegatingMethodAccessorImpl.invoke(DelegatingMethodAccessorImpl.java:43)
	at java.lang.reflect.Method.invoke(Method.java:498)
	at org.testng.internal.MethodInvocationHelper.invokeMethod(MethodInvocationHelper.java:131)
	at org.testng.internal.TestInvoker.invokeMethod(TestInvoker.java:570)
	at org.testng.internal.TestInvoker.invokeTestMethod(TestInvoker.java:170)
	at org.testng.internal.MethodRunner.runInSequence(MethodRunner.java:46)
	at org.testng.internal.TestInvoker$MethodInvocationAgent.invoke(TestInvoker.java:790)
	at org.testng.internal.TestInvoker.invokeTestMethods(TestInvoker.java:143)
	at org.testng.internal.TestMethodWorker.invokeTestMethods(TestMethodWorker.java:146)
	at org.testng.internal.TestMethodWorker.run(TestMethodWorker.java:128)
	at org.testng.TestRunner.privateRun(TestRunner.java:763)
	at org.testng.TestRunner.run(TestRunner.java:594)
	at org.testng.SuiteRunner.runTest(SuiteRunner.java:398)
	at org.testng.SuiteRunner.runSequentially(SuiteRunner.java:392)
	at org.testng.SuiteRunner.privateRun(SuiteRunner.java:355)
	at org.testng.SuiteRunner.run(SuiteRunner.java:304)
	at org.testng.SuiteRunnerWorker.runSuite(SuiteRunnerWorker.java:53)
	at org.testng.SuiteRunnerWorker.run(SuiteRunnerWorker.java:96)
	at org.testng.TestNG.runSuitesSequentially(TestNG.java:1146)
	at org.testng.TestNG.runSuitesLocally(TestNG.java:1067)
	at org.testng.TestNG.runSuites(TestNG.java:997)
	at org.testng.TestNG.run(TestNG.java:965)
	at org.apache.maven.surefire.testng.TestNGExecutor.run(TestNGExecutor.java:77)
	at org.apache.maven.surefire.testng.TestNGDirectoryTestSuite.executeMulti(TestNGDirectoryTestSuite.java:159)
	at org.apache.maven.surefire.testng.TestNGDirectoryTestSuite.execute(TestNGDirectoryTestSuite.java:99)
	at org.apache.maven.surefire.testng.TestNGProvider.invoke(TestNGProvider.java:106)
	at sun.reflect.NativeMethodAccessorImpl.invoke0(Native Method)
	at sun.reflect.NativeMethodAccessorImpl.invoke(NativeMethodAccessorImpl.java:62)
	at sun.reflect.DelegatingMethodAccessorImpl.invoke(DelegatingMethodAccessorImpl.java:43)
	at java.lang.reflect.Method.invoke(Method.java:498)
	at org.apache.maven.surefire.util.ReflectionUtils.invokeMethodWithArray(ReflectionUtils.java:189)
	at org.apache.maven.surefire.booter.ProviderFactory$ProviderProxy.invoke(ProviderFactory.java:165)
	at org.apache.maven.surefire.booter.ProviderFactory.invokeProvider(ProviderFactory.java:85)
	at org.apache.maven.surefire.booter.ForkedBooter.runSuitesInProcess(ForkedBooter.java:115)
	at org.apache.maven.surefire.booter.ForkedBooter.main(ForkedBooter.java:75)
</pre></div></td>
<td>1</td>
<td>logintest.LoginTest@100fc185</td></tr>
</table><p>
<table width='100%' border='1' class='invocation-passed'>
<tr><td colspan='4' align='center'><b>PASSED TESTS</b></td></tr>
<tr><td><b>Test method</b></td>
<td width="30%"><b>Exception</b></td>
<td width="10%"><b>Time (seconds)</b></td>
<td><b>Instance</b></td>
</tr>
<tr>
<td title='logintest.TestCases.checkEmailFormat()'><b>checkEmailFormat</b><br>Test class: logintest.TestCases</td>
<td></td>
<td>0</td>
<td>logintest.TestCases@36d4b5c</td></tr>
<tr>
<td title='logintest.LoginTest.checkInvalidUserLogIn()'><b>checkInvalidUserLogIn</b><br>Test class: logintest.LoginTest</td>
<td></td>
<td>0</td>
<td>logintest.LoginTest@100fc185</td></tr>
<tr>
<td title='logintest.TestCases.checkInvalidUserLogIn()'><b>checkInvalidUserLogIn</b><br>Test class: logintest.TestCases</td>
<td></td>
<td>0</td>
<td>logintest.TestCases@36d4b5c</td></tr>
<tr>
<td title='logintest.RegisterTest.checkInvalidZipCode()'><b>checkInvalidZipCode</b><br>Test class: logintest.RegisterTest</td>
<td></td>
<td>0</td>
<td>logintest.RegisterTest@2ef5e5e3</td></tr>
<tr>
<td title='logintest.RegisterTest.checkMandatoryFieldsNotCompletedAll()'><b>checkMandatoryFieldsNotCompletedAll</b><br>Test class: logintest.RegisterTest</td>
<td></td>
<td>0</td>
<td>logintest.RegisterTest@2ef5e5e3</td></tr>
<tr>
<td title='logintest.TestCases.checkPasswordLabelLocator()'><b>checkPasswordLabelLocator</b><br>Test class: logintest.TestCases</td>
<td></td>
<td>0</td>
<td>logintest.TestCases@36d4b5c</td></tr>
<tr>
<td title='logintest.TestCases.checkPasswordPolicy()'><b>checkPasswordPolicy</b><br>Test class: logintest.TestCases</td>
<td></td>
<td>0</td>
<td>logintest.TestCases@36d4b5c</td></tr>
<tr>
<td title='logintest.RegisterTest.checkPasswordinvalidPolicy()'><b>checkPasswordinvalidPolicy</b><br>Test class: logintest.RegisterTest</td>
<td></td>
<td>0</td>
<td>logintest.RegisterTest@2ef5e5e3</td></tr>
<tr>
<td title='logintest.RegisterTest.checkRegisterwithSucces()'><b>checkRegisterwithSucces</b><br>Test class: logintest.RegisterTest</td>
<td></td>
<td>0</td>
<td>logintest.RegisterTest@2ef5e5e3</td></tr>
<tr>
<td title='logintest.TestCases.checkSignLocator()'><b>checkSignLocator</b><br>Test class: logintest.TestCases</td>
<td></td>
<td>0</td>
<td>logintest.TestCases@36d4b5c</td></tr>
<tr>
<td title='logintest.TestCases.checkSignOutLocator()'><b>checkSignOutLocator</b><br>Test class: logintest.TestCases</td>
<td></td>
<td>0</td>
<td>logintest.TestCases@36d4b5c</td></tr>
<tr>
<td title='logintest.TestCases.checkUserName()'><b>checkUserName</b><br>Test class: logintest.TestCases</td>
<td></td>
<td>0</td>
<td>logintest.TestCases@36d4b5c</td></tr>
<tr>
<td title='logintest.RegisterTest.empthyadress()'><b>empthyadress</b><br>Test class: logintest.RegisterTest</td>
<td></td>
<td>0</td>
<td>logintest.RegisterTest@2ef5e5e3</td></tr>
<tr>
<td title='logintest.RegisterTest.empthycity()'><b>empthycity</b><br>Test class: logintest.RegisterTest</td>
<td></td>
<td>0</td>
<td>logintest.RegisterTest@2ef5e5e3</td></tr>
<tr>
<td title='logintest.RegisterTest.empthyphone()'><b>empthyphone</b><br>Test class: logintest.RegisterTest</td>
<td></td>
<td>0</td>
<td>logintest.RegisterTest@2ef5e5e3</td></tr>
<tr>
<td title='logintest.LoginTest.invalid()'><b>invalid</b><br>Test class: logintest.LoginTest</td>
<td></td>
<td>1</td>
<td>logintest.LoginTest@100fc185</td></tr>
<tr>
<td title='TestCreateAccount.testFirstRegisterPage()'><b>testFirstRegisterPage</b><br>Test class: TestCreateAccount</td>
<td></td>
<td>0</td>
<td>TestCreateAccount@643b1d11</td></tr>
<tr>
<td title='logintest.LoginTest.tryToLoginWithNoEmailAdress()'><b>tryToLoginWithNoEmailAdress</b><br>Test class: logintest.LoginTest</td>
<td></td>
<td>0</td>
<td>logintest.LoginTest@100fc185</td></tr>
<tr>
<td title='logintest.TestCases.tryToLoginWithNoEmailAdress()'><b>tryToLoginWithNoEmailAdress</b><br>Test class: logintest.TestCases</td>
<td></td>
<td>0</td>
<td>logintest.TestCases@36d4b5c</td></tr>
<tr>
<td title='logintest.LoginTest.tryToLoginWithNoPassword()'><b>tryToLoginWithNoPassword</b><br>Test class: logintest.LoginTest</td>
<td></td>
<td>0</td>
<td>logintest.LoginTest@100fc185</td></tr>
<tr>
<td title='logintest.TestCases.tryToLoginWithNoPassword()'><b>tryToLoginWithNoPassword</b><br>Test class: logintest.TestCases</td>
<td></td>
<td>0</td>
<td>logintest.TestCases@36d4b5c</td></tr>
<tr>
<td title='logintest.LoginTest.tryToLoginWithOnlyEmail()'><b>tryToLoginWithOnlyEmail</b><br>Test class: logintest.LoginTest</td>
<td></td>
<td>0</td>
<td>logintest.LoginTest@100fc185</td></tr>
<tr>
<td title='logintest.TestCases.tryToLoginWithOnlyEmail()'><b>tryToLoginWithOnlyEmail</b><br>Test class: logintest.TestCases</td>
<td></td>
<td>0</td>
<td>logintest.TestCases@36d4b5c</td></tr>
<tr>
<td title='logintest.LoginTest.tryToLoginWithWrongEmailAndPassword()'><b>tryToLoginWithWrongEmailAndPassword</b><br>Test class: logintest.LoginTest</td>
<td></td>
<td>0</td>
<td>logintest.LoginTest@100fc185</td></tr>
<tr>
<td title='logintest.TestCases.tryToLoginWithWrongEmailAndPassword()'><b>tryToLoginWithWrongEmailAndPassword</b><br>Test class: logintest.TestCases</td>
<td></td>
<td>0</td>
<td>logintest.TestCases@36d4b5c</td></tr>
<tr>
<td title='logintest.TestCases.verifyCreateAccountLocator()'><b>verifyCreateAccountLocator</b><br>Test class: logintest.TestCases</td>
<td></td>
<td>0</td>
<td>logintest.TestCases@36d4b5c</td></tr>
<tr>
<td title='logintest.LoginTest.verifyLogInWithSucces()'><b>verifyLogInWithSucces</b><br>Test class: logintest.LoginTest</td>
<td></td>
<td>0</td>
<td>logintest.LoginTest@100fc185</td></tr>
<tr>
<td title='logintest.TestCases.verifyLogInWithSucces()'><b>verifyLogInWithSucces</b><br>Test class: logintest.TestCases</td>
<td></td>
<td>0</td>
<td>logintest.TestCases@36d4b5c</td></tr>
<tr>
<td title='logintest.LoginTest.verifyLogOutWithSucces()'><b>verifyLogOutWithSucces</b><br>Test class: logintest.LoginTest</td>
<td></td>
<td>0</td>
<td>logintest.LoginTest@100fc185</td></tr>
<tr>
<td title='logintest.TestCases.verifyLogOutWithSucces()'><b>verifyLogOutWithSucces</b><br>Test class: logintest.TestCases</td>
<td></td>
<td>0</td>
<td>logintest.TestCases@36d4b5c</td></tr>
<tr>
<td title='logintest.TestCases.verifyRegisterPageFirstName()'><b>verifyRegisterPageFirstName</b><br>Test class: logintest.TestCases</td>
<td></td>
<td>0</td>
<td>logintest.TestCases@36d4b5c</td></tr>
<tr>
<td title='logintest.TestCases.verifyRegisterPageLastName()'><b>verifyRegisterPageLastName</b><br>Test class: logintest.TestCases</td>
<td></td>
<td>0</td>
<td>logintest.TestCases@36d4b5c</td></tr>
</table><p>
</body>
</html>